[2023-10-29 00:55:45,873: INFO: common: yaml file: config\config.yaml loaded successfully]
[2023-10-29 00:55:45,875: INFO: common: yaml file: params.yaml loaded successfully]
[2023-10-29 01:11:46,002: INFO: common: yaml file: config\config.yaml loaded successfully]
[2023-10-29 01:11:46,003: INFO: common: yaml file: params.yaml loaded successfully]
[2023-10-29 01:11:46,004: INFO: common: created directory: a]
[2023-10-29 01:11:46,004: INFO: common: created directory: r]
[2023-10-29 01:11:46,005: INFO: common: created directory: t]
[2023-10-29 01:11:46,006: INFO: common: created directory: i]
[2023-10-29 01:11:46,006: INFO: common: created directory: f]
[2023-10-29 01:11:46,007: INFO: common: created directory: a]
[2023-10-29 01:11:46,007: INFO: common: created directory: c]
[2023-10-29 01:11:46,008: INFO: common: created directory: t]
[2023-10-29 01:11:46,008: INFO: common: created directory: s]
[2023-10-29 01:11:46,009: INFO: common: created directory: artifacts/data_ingestion]
[2023-10-29 01:15:51,691: INFO: common: yaml file: config\config.yaml loaded successfully]
[2023-10-29 01:15:51,692: INFO: common: yaml file: params.yaml loaded successfully]
[2023-10-29 01:15:51,693: INFO: common: created directory: artifacts]
[2023-10-29 01:15:51,693: INFO: common: created directory: artifacts/data_ingestion]
[2023-10-29 01:44:56,137: INFO: common: yaml file: config\config.yaml loaded successfully]
[2023-10-29 01:44:56,138: INFO: common: yaml file: params.yaml loaded successfully]
[2023-10-29 01:44:56,139: INFO: common: created directory: artifacts]
[2023-10-29 01:44:56,139: INFO: common: created directory: artifacts/data_ingestion]
[2023-10-29 01:51:16,665: INFO: common: yaml file: config\config.yaml loaded successfully]
[2023-10-29 01:51:16,665: INFO: common: yaml file: params.yaml loaded successfully]
[2023-10-29 01:51:16,666: INFO: common: created directory: artifacts]
[2023-10-29 01:51:16,666: INFO: common: created directory: artifacts/data_ingestion]
[2023-10-29 01:51:16,667: INFO: 3937644843: Downloading data from: https://drive.google.com/uc?/export=download&id= into file: artifacts/data_ingestion/data.zip]
[2023-10-29 01:51:17,079: INFO: 3937644843: Downloaded data from: https://drive.google.com/uc?/export=download&id= into file: artifacts/data_ingestion/data.zip]
[2023-10-29 01:52:47,611: INFO: common: yaml file: config\config.yaml loaded successfully]
[2023-10-29 01:52:47,612: INFO: common: yaml file: params.yaml loaded successfully]
[2023-10-29 01:52:47,613: INFO: common: created directory: artifacts]
[2023-10-29 01:52:47,613: INFO: common: created directory: artifacts/data_ingestion]
[2023-10-29 01:52:47,614: INFO: 3937644843: Downloading data from: https://drive.google.com/file/d/1vlhZ5c7abUKF8xXERIw6m9Te8fW7ohw3/view?usp=sharing into file: artifacts/data_ingestion/data.zip]
[2023-10-29 01:53:05,185: INFO: 3937644843: Downloaded data from: https://drive.google.com/file/d/1vlhZ5c7abUKF8xXERIw6m9Te8fW7ohw3/view?usp=sharing into file: artifacts/data_ingestion/data.zip]
[2023-11-16 17:19:15,038: INFO: common: yaml file: config\config.yaml loaded successfully]
[2023-11-16 17:19:15,040: INFO: common: yaml file: params.yaml loaded successfully]
[2023-11-16 17:19:15,041: INFO: common: created directory: artifacts]
[2023-11-16 17:19:29,259: INFO: common: yaml file: config\config.yaml loaded successfully]
[2023-11-16 17:19:29,260: INFO: common: yaml file: params.yaml loaded successfully]
[2023-11-16 17:19:29,261: INFO: common: created directory: artifacts]
[2023-11-16 17:19:35,454: INFO: common: yaml file: config\config.yaml loaded successfully]
[2023-11-16 17:19:35,455: INFO: common: yaml file: params.yaml loaded successfully]
[2023-11-16 17:19:35,456: INFO: common: created directory: artifacts]
[2023-11-16 17:21:16,545: INFO: common: yaml file: config\config.yaml loaded successfully]
[2023-11-16 17:21:16,546: INFO: common: yaml file: params.yaml loaded successfully]
[2023-11-16 17:21:16,546: INFO: common: created directory: artifacts]
[2023-11-16 17:22:11,789: INFO: common: yaml file: config\config.yaml loaded successfully]
[2023-11-16 17:22:11,790: INFO: common: yaml file: params.yaml loaded successfully]
[2023-11-16 17:22:11,791: INFO: common: created directory: artifacts]
[2023-11-16 17:22:30,231: INFO: common: yaml file: config\config.yaml loaded successfully]
[2023-11-16 17:22:30,233: INFO: common: yaml file: params.yaml loaded successfully]
[2023-11-16 17:22:30,233: INFO: common: created directory: artifacts]
[2023-11-16 17:30:28,175: INFO: common: yaml file: config\config.yaml loaded successfully]
[2023-11-16 17:30:28,177: INFO: common: yaml file: params.yaml loaded successfully]
[2023-11-16 17:30:28,177: INFO: common: created directory: artifacts]
[2023-11-16 17:30:28,178: INFO: common: created directory: artifacts/data_ingestion]
[2023-11-16 17:30:28,178: INFO: 3937644843: Downloading data from: https://drive.google.com/file/d/1vlhZ5c7abUKF8xXERIw6m9Te8fW7ohw3/view?usp=sharing into file: artifacts/data_ingestion/data.zip]
[2023-11-16 17:30:35,374: INFO: 3937644843: Downloaded data from: https://drive.google.com/file/d/1vlhZ5c7abUKF8xXERIw6m9Te8fW7ohw3/view?usp=sharing into file: artifacts/data_ingestion/data.zip]
[2023-11-16 17:31:59,718: INFO: common: yaml file: config\config.yaml loaded successfully]
[2023-11-16 17:31:59,719: INFO: common: yaml file: params.yaml loaded successfully]
[2023-11-16 17:31:59,720: INFO: common: created directory: artifacts]
[2023-11-16 17:31:59,720: INFO: common: created directory: artifacts/prepare_base_model]
[2023-11-16 17:32:04,473: INFO: common: yaml file: config\config.yaml loaded successfully]
[2023-11-16 17:32:04,475: INFO: common: yaml file: params.yaml loaded successfully]
[2023-11-16 17:32:04,475: INFO: common: created directory: artifacts]
[2023-11-16 17:32:04,476: INFO: common: created directory: artifacts/prepare_base_model]
[2023-11-16 17:35:31,925: INFO: common: yaml file: config\config.yaml loaded successfully]
[2023-11-16 17:35:31,927: INFO: common: yaml file: params.yaml loaded successfully]
[2023-11-16 17:35:31,927: INFO: common: created directory: artifacts]
[2023-11-16 17:35:31,928: INFO: common: created directory: artifacts/prepare_base_model]
[2023-11-16 17:36:03,480: INFO: common: yaml file: config\config.yaml loaded successfully]
[2023-11-16 17:36:03,482: INFO: common: yaml file: params.yaml loaded successfully]
[2023-11-16 17:36:03,482: INFO: common: created directory: artifacts]
[2023-11-16 17:36:03,483: INFO: common: created directory: artifacts/prepare_base_model]
[2023-11-16 17:37:47,919: INFO: common: yaml file: config\config.yaml loaded successfully]
[2023-11-16 17:37:47,920: INFO: common: yaml file: params.yaml loaded successfully]
[2023-11-16 17:37:47,921: INFO: common: created directory: artifacts]
[2023-11-16 17:37:47,922: INFO: common: created directory: artifacts/prepare_base_model]
[2023-11-16 17:37:57,776: INFO: common: yaml file: config\config.yaml loaded successfully]
[2023-11-16 17:37:57,778: INFO: common: yaml file: params.yaml loaded successfully]
[2023-11-16 17:37:57,778: INFO: common: created directory: artifacts]
[2023-11-16 17:38:07,081: INFO: common: yaml file: config\config.yaml loaded successfully]
[2023-11-16 17:38:07,083: INFO: common: yaml file: params.yaml loaded successfully]
[2023-11-16 17:38:07,083: INFO: common: created directory: artifacts]
[2023-11-16 17:38:07,084: INFO: common: created directory: artifacts/prepare_base_model]
[2023-11-16 17:38:41,075: INFO: common: yaml file: config\config.yaml loaded successfully]
[2023-11-16 17:38:41,076: INFO: common: yaml file: params.yaml loaded successfully]
[2023-11-16 17:38:41,077: INFO: common: created directory: artifacts]
[2023-11-16 17:38:41,077: INFO: common: created directory: artifacts/prepare_base_model]
[2023-11-16 17:39:04,250: INFO: common: yaml file: config\config.yaml loaded successfully]
[2023-11-16 17:39:04,252: INFO: common: yaml file: params.yaml loaded successfully]
[2023-11-16 17:39:04,252: INFO: common: created directory: artifacts]
[2023-11-16 17:39:04,253: INFO: common: created directory: artifacts/prepare_base_model]
[2023-11-16 17:39:34,768: INFO: common: yaml file: config\config.yaml loaded successfully]
[2023-11-16 17:39:34,770: INFO: common: yaml file: params.yaml loaded successfully]
[2023-11-16 17:39:34,770: INFO: common: created directory: artifacts]
[2023-11-16 17:39:34,771: INFO: common: created directory: artifacts/prepare_base_model]
[2023-11-16 17:40:24,079: INFO: common: yaml file: config\config.yaml loaded successfully]
[2023-11-16 17:40:24,080: INFO: common: yaml file: params.yaml loaded successfully]
[2023-11-16 17:40:24,081: INFO: common: created directory: artifacts]
[2023-11-16 17:40:24,081: INFO: common: created directory: artifacts/prepare_base_model]
[2023-11-16 18:22:43,633: INFO: common: yaml file: config\config.yaml loaded successfully]
[2023-11-16 18:22:43,635: INFO: common: yaml file: params.yaml loaded successfully]
[2023-11-16 18:22:43,636: INFO: common: created directory: artifacts]
[2023-11-16 18:22:43,636: INFO: common: created directory: artifacts/prepare_base_model]
[2023-11-16 18:25:41,390: INFO: common: yaml file: config\config.yaml loaded successfully]
[2023-11-16 18:25:41,392: INFO: common: yaml file: params.yaml loaded successfully]
[2023-11-16 18:25:41,392: INFO: common: created directory: artifacts]
[2023-11-16 18:25:41,393: INFO: common: created directory: artifacts/prepare_base_model]
[2023-11-16 18:26:29,872: INFO: common: yaml file: config\config.yaml loaded successfully]
[2023-11-16 18:26:29,873: INFO: common: yaml file: params.yaml loaded successfully]
[2023-11-16 18:26:29,874: INFO: common: created directory: artifacts]
[2023-11-16 18:26:29,874: INFO: common: created directory: artifacts/prepare_base_model]
[2023-11-16 18:31:44,872: INFO: common: yaml file: config\config.yaml loaded successfully]
[2023-11-16 18:31:44,873: INFO: common: yaml file: params.yaml loaded successfully]
[2023-11-16 18:31:44,874: INFO: common: created directory: artifacts]
[2023-11-16 18:31:44,875: INFO: common: created directory: artifacts/prepare_base_model]
[2023-11-16 18:32:06,600: INFO: common: yaml file: config\config.yaml loaded successfully]
[2023-11-16 18:32:06,601: INFO: common: yaml file: params.yaml loaded successfully]
[2023-11-16 18:32:06,602: INFO: common: created directory: artifacts]
[2023-11-16 18:32:06,603: INFO: common: created directory: artifacts/prepare_base_model]
[2023-11-16 18:32:31,576: INFO: common: yaml file: config\config.yaml loaded successfully]
[2023-11-16 18:32:31,577: INFO: common: yaml file: params.yaml loaded successfully]
[2023-11-16 18:32:31,578: INFO: common: created directory: artifacts]
[2023-11-16 18:32:31,578: INFO: common: created directory: artifacts/prepare_base_model]
[2023-11-16 18:33:53,787: INFO: common: yaml file: config\config.yaml loaded successfully]
[2023-11-16 18:33:53,788: INFO: common: yaml file: params.yaml loaded successfully]
[2023-11-16 18:33:53,789: INFO: common: created directory: artifacts]
[2023-11-16 18:33:53,790: INFO: common: created directory: artifacts/prepare_base_model]
[2023-11-16 18:34:10,038: INFO: common: yaml file: config\config.yaml loaded successfully]
[2023-11-16 18:34:10,039: INFO: common: yaml file: params.yaml loaded successfully]
[2023-11-16 18:34:10,040: INFO: common: created directory: artifacts]
[2023-11-16 18:34:10,041: INFO: common: created directory: artifacts/prepare_base_model]
[2023-11-16 18:34:27,722: INFO: common: yaml file: config\config.yaml loaded successfully]
[2023-11-16 18:34:27,723: INFO: common: yaml file: params.yaml loaded successfully]
[2023-11-16 18:34:27,724: INFO: common: created directory: artifacts]
[2023-11-16 18:34:27,725: INFO: common: created directory: artifacts/prepare_base_model]
[2023-11-16 18:35:06,928: INFO: common: yaml file: config\config.yaml loaded successfully]
[2023-11-16 18:35:06,930: INFO: common: yaml file: params.yaml loaded successfully]
[2023-11-16 18:35:06,930: INFO: common: created directory: artifacts]
[2023-11-16 18:35:06,931: INFO: common: created directory: artifacts/prepare_base_model]
[2023-11-16 18:35:12,933: WARNING: saving_utils: Compiled the loaded model, but the compiled metrics have yet to be built. `model.compile_metrics` will be empty until you train or evaluate the model.]
[2023-11-16 18:36:25,384: INFO: common: yaml file: config\config.yaml loaded successfully]
[2023-11-16 18:36:25,385: INFO: common: yaml file: params.yaml loaded successfully]
[2023-11-16 18:36:25,386: INFO: common: created directory: artifacts]
[2023-11-16 18:36:25,386: INFO: common: created directory: artifacts/prepare_base_model]
[2023-11-16 18:36:59,096: INFO: common: yaml file: config\config.yaml loaded successfully]
[2023-11-16 18:36:59,097: INFO: common: yaml file: params.yaml loaded successfully]
[2023-11-16 18:36:59,098: INFO: common: created directory: artifacts]
[2023-11-16 18:36:59,099: INFO: common: created directory: artifacts/prepare_base_model]
[2023-11-16 18:36:59,311: WARNING: saving_utils: Compiled the loaded model, but the compiled metrics have yet to be built. `model.compile_metrics` will be empty until you train or evaluate the model.]
[2023-11-17 02:13:31,350: INFO: common: yaml file: config\config.yaml loaded successfully]
[2023-11-17 02:13:31,353: INFO: common: yaml file: params.yaml loaded successfully]
[2023-11-17 02:13:31,354: INFO: common: created directory: artifacts]
[2023-11-17 02:18:54,470: INFO: common: yaml file: config\config.yaml loaded successfully]
[2023-11-17 02:18:54,471: INFO: common: yaml file: params.yaml loaded successfully]
[2023-11-17 02:18:54,472: INFO: common: created directory: artifacts]
[2023-11-17 02:18:54,473: INFO: common: created directory: artifacts/training]
[2023-11-17 02:18:54,474: INFO: common: yaml file: params.yaml loaded successfully]
[2023-11-17 02:20:24,096: INFO: common: yaml file: config\config.yaml loaded successfully]
[2023-11-17 02:20:24,098: INFO: common: yaml file: params.yaml loaded successfully]
[2023-11-17 02:20:24,098: INFO: common: created directory: artifacts]
[2023-11-17 02:20:24,099: INFO: common: created directory: artifacts/training]
[2023-11-17 02:20:24,100: INFO: common: yaml file: params.yaml loaded successfully]
[2023-11-17 02:21:09,445: INFO: common: yaml file: config\config.yaml loaded successfully]
[2023-11-17 02:21:09,448: INFO: common: yaml file: params.yaml loaded successfully]
[2023-11-17 02:21:09,448: INFO: common: created directory: artifacts]
[2023-11-17 02:21:09,449: INFO: common: created directory: artifacts/training]
[2023-11-17 02:21:09,450: INFO: common: yaml file: params.yaml loaded successfully]
[2023-11-17 02:22:18,642: INFO: common: yaml file: config\config.yaml loaded successfully]
[2023-11-17 02:22:18,644: INFO: common: yaml file: params.yaml loaded successfully]
[2023-11-17 02:22:18,645: INFO: common: created directory: artifacts]
[2023-11-17 02:22:18,645: INFO: common: created directory: artifacts/training]
[2023-11-17 02:22:18,647: INFO: common: yaml file: params.yaml loaded successfully]
[2023-11-17 02:22:49,823: INFO: common: yaml file: config\config.yaml loaded successfully]
[2023-11-17 02:22:49,824: INFO: common: yaml file: params.yaml loaded successfully]
[2023-11-17 02:22:49,825: INFO: common: created directory: artifacts]
[2023-11-17 02:22:49,826: INFO: common: created directory: artifacts/training]
[2023-11-17 02:22:49,826: INFO: common: yaml file: params.yaml loaded successfully]
[2023-11-17 02:24:45,266: INFO: common: yaml file: config\config.yaml loaded successfully]
[2023-11-17 02:24:45,268: INFO: common: yaml file: params.yaml loaded successfully]
[2023-11-17 02:24:45,268: INFO: common: created directory: artifacts]
[2023-11-17 02:24:45,269: INFO: common: created directory: artifacts/training]
[2023-11-17 02:24:45,270: INFO: common: yaml file: params.yaml loaded successfully]
[2023-11-17 02:26:49,543: INFO: common: yaml file: config\config.yaml loaded successfully]
[2023-11-17 02:26:49,546: INFO: common: yaml file: params.yaml loaded successfully]
[2023-11-17 02:26:49,547: INFO: common: created directory: artifacts]
[2023-11-17 02:26:49,548: INFO: common: created directory: artifacts/training]
[2023-11-17 02:26:49,551: INFO: common: yaml file: params.yaml loaded successfully]
[2023-11-17 02:27:14,364: INFO: common: yaml file: config\config.yaml loaded successfully]
[2023-11-17 02:27:14,368: INFO: common: yaml file: params.yaml loaded successfully]
[2023-11-17 02:27:14,368: INFO: common: created directory: artifacts]
[2023-11-17 02:27:14,369: INFO: common: created directory: artifacts/training]
[2023-11-17 02:27:14,370: INFO: common: yaml file: params.yaml loaded successfully]
[2023-11-17 02:27:39,721: INFO: common: yaml file: config\config.yaml loaded successfully]
[2023-11-17 02:27:39,723: INFO: common: yaml file: params.yaml loaded successfully]
[2023-11-17 02:27:39,724: INFO: common: created directory: artifacts]
[2023-11-17 02:27:39,724: INFO: common: created directory: artifacts/training]
[2023-11-17 02:27:39,726: INFO: common: yaml file: params.yaml loaded successfully]
[2023-11-17 02:28:25,909: INFO: common: yaml file: config\config.yaml loaded successfully]
[2023-11-17 02:28:25,910: INFO: common: yaml file: params.yaml loaded successfully]
[2023-11-17 02:28:25,911: INFO: common: created directory: artifacts]
[2023-11-17 02:28:25,911: INFO: common: created directory: artifacts/training]
[2023-11-17 02:28:25,913: INFO: common: yaml file: params.yaml loaded successfully]
[2023-11-17 02:30:57,414: INFO: common: yaml file: config\config.yaml loaded successfully]
[2023-11-17 02:30:57,416: INFO: common: yaml file: params.yaml loaded successfully]
[2023-11-17 02:30:57,417: INFO: common: created directory: artifacts]
[2023-11-17 02:30:57,417: INFO: common: created directory: artifacts/prepare_base_model]
[2023-11-17 02:30:57,657: WARNING: saving_utils: Compiled the loaded model, but the compiled metrics have yet to be built. `model.compile_metrics` will be empty until you train or evaluate the model.]
[2023-11-17 02:31:05,820: INFO: common: yaml file: config\config.yaml loaded successfully]
[2023-11-17 02:31:05,822: INFO: common: yaml file: params.yaml loaded successfully]
[2023-11-17 02:31:05,823: INFO: common: created directory: artifacts]
[2023-11-17 02:31:05,823: INFO: common: created directory: artifacts/training]
[2023-11-17 02:31:05,825: INFO: common: yaml file: params.yaml loaded successfully]
